     data set       Eff. bw
CTAs 1
        24 kB      7488 kB       147 GB/s
 CTAs 2
        24 kB      7488 kB       269 GB/s
 CTAs 3
        24 kB      7488 kB       387 GB/s
 CTAs 4
        24 kB      7488 kB       490 GB/s
 CTAs 5
        24 kB      7488 kB       618 GB/s
 CTAs 6
        24 kB      7488 kB       714 GB/s
 CTAs 7
        24 kB      7488 kB       825 GB/s
 CTAs 8
        24 kB      7488 kB       876 GB/s
 CTAs 9
        24 kB      7488 kB       952 GB/s
 CTAs 10
        24 kB      7488 kB      1022 GB/s
 CTAs 11
        24 kB      7488 kB      1080 GB/s
 CTAs 12
        24 kB      7488 kB      1142 GB/s
 CTAs 13
        24 kB      7488 kB      1165 GB/s
 CTAs 14
        24 kB      7488 kB      1220 GB/s
 CTAs 15
        24 kB      7488 kB      1229 GB/s
 CTAs 16
        24 kB      7488 kB      1277 GB/s
 CTAs 17
        24 kB      7488 kB      1323 GB/s
 CTAs 18
        24 kB      7488 kB      1366 GB/s
 CTAs 19
        24 kB      7488 kB      1407 GB/s
 CTAs 20
        24 kB      7488 kB      1438 GB/s
 CTAs 21
        24 kB      7488 kB      1476 GB/s
 CTAs 22
        24 kB      7488 kB      1503 GB/s
 CTAs 23
        24 kB      7488 kB      1546 GB/s
 CTAs 24
        24 kB      7488 kB      1538 GB/s
 CTAs 25
        24 kB      7488 kB      1570 GB/s
 CTAs 26
        24 kB      7488 kB      1600 GB/s
 CTAs 27
        24 kB      7488 kB      1629 GB/s
 CTAs 28
        24 kB      7488 kB      1657 GB/s
 CTAs 29
        24 kB      7488 kB      1645 GB/s
 CTAs 30
        24 kB      7488 kB      1694 GB/s
 CTAs 31
        24 kB      7488 kB      1697 GB/s
 CTAs 32
        24 kB      7488 kB      1721 GB/s
