134.154190
148.590866
208.563934
275.050751
257.896454
281.486847
308.970734
320.065918
332.747467
336.567474
333.240967
339.374268
341.292328
339.125488
334.872803
334.258087
342.387573
347.427887
351.344940
348.194061
349.702972
350.449249
347.086670
344.153656
344.841919
348.098145
348.704803
351.270813
352.582672
351.856964
351.232391
351.416382
350.774658
349.328735
348.484528
350.873596
352.296082
353.194214
353.566864
354.020813
354.689392
356.386627
357.845093
357.792511
358.419434
358.530701
359.996918
361.069519
361.466003
361.740601
363.215973
363.690613
363.542999
364.778473
364.938568
364.922455
366.235077
367.069122
366.943329
367.349548
367.403229
368.140167
368.824005
368.984650
369.383392
369.683136
370.245850
370.301025
370.726990
371.339203
371.870392
372.125397
372.715363
373.326752
373.371674
373.630402
374.241119
376.345581
380.743042
385.137726
