181.607239
240.183243
359.867004
479.132416
427.389069
396.974030
463.038544
513.470886
558.274292
596.110962
653.102722
696.095581
726.402588
768.674377
745.639465
744.388550
790.620728
835.202698
876.315308
914.358948
936.989929
981.233643
1021.529968
1046.281982
1073.772583
1114.958984
1155.181030
1192.438354
1233.072632
1272.452148
1311.908081
1348.575317
1386.924561
1419.937622
1443.470337
1480.664307
1517.875854
1552.922974
1482.369385
1413.482788
1445.544800
1470.561157
1481.252930
1417.811279
1379.884644
1406.765137
1423.103760
1428.963379
1448.386841
1464.397095
1476.722046
1493.710083
1505.436890
1523.018066
1536.310425
1538.987915
1545.180908
1559.654175
1580.594971
1602.964111
1623.379761
1644.451294
1662.206909
1677.502930
1695.624878
1713.898804
1729.588257
1747.504883
1766.038452
1785.495605
1803.458252
1823.370361
1840.843750
1860.034302
1876.217529
1889.882324
1904.386719
1918.368164
1941.629395
1962.099976
